<?xml version="1.0" encoding="UTF-8"?>
<!-- Generated by org.testng.reporters.JUnitReportReporter -->
<testsuite hostname="DESKTOP-SF23L9S" failures="0" tests="3" name="TestCases" time="20.962" errors="0" timestamp="2023-05-24T22:09:12 EET" skipped="0">
  <testcase classname="TestCases" name="Signup" time="10.427"/>
  <system-out/>
  <testcase classname="TestCases" name="Sigin" time="4.747"/>
  <system-out/>
  <testcase classname="TestCases" name="searchItems" time="5.788"/>
  <system-out/>
</testsuite> <!-- TestCases -->
